{
  "RSpec": {
    "coverage": {
      "/home/felipeecker/gestaodeestoque/app/helpers/application_helper.rb": [
        1,
        null
      ],
      "/home/felipeecker/gestaodeestoque/app/helpers/cidades_helper.rb": [
        1,
        null
      ],
      "/home/felipeecker/gestaodeestoque/app/helpers/enderecos_helper.rb": [
        1,
        null
      ],
      "/home/felipeecker/gestaodeestoque/app/helpers/estados_helper.rb": [
        1,
        null
      ],
      "/home/felipeecker/gestaodeestoque/app/helpers/grupode_produtos_helper.rb": [
        1,
        null
      ],
      "/home/felipeecker/gestaodeestoque/app/helpers/movimentode_estoques_helper.rb": [
        1,
        null
      ],
      "/home/felipeecker/gestaodeestoque/app/helpers/operacaos_helper.rb": [
        1,
        null
      ],
      "/home/felipeecker/gestaodeestoque/app/helpers/pessoas_helper.rb": [
        1,
        null
      ],
      "/home/felipeecker/gestaodeestoque/app/helpers/produtos_helper.rb": [
        1,
        null
      ],
      "/home/felipeecker/gestaodeestoque/app/helpers/unidades_helper.rb": [
        1,
        null
      ],
      "/home/felipeecker/gestaodeestoque/app/models/cidade.rb": [
        1,
        1,
        null,
        1,
        null
      ],
      "/home/felipeecker/gestaodeestoque/app/models/application_record.rb": [
        1,
        1,
        null
      ],
      "/home/felipeecker/gestaodeestoque/app/models/endereco.rb": [
        1,
        1,
        null,
        1,
        null
      ],
      "/home/felipeecker/gestaodeestoque/app/models/estado.rb": [
        1,
        null,
        1,
        null
      ],
      "/home/felipeecker/gestaodeestoque/app/models/grupode_produto.rb": [
        1,
        null,
        1,
        null
      ],
      "/home/felipeecker/gestaodeestoque/app/models/movimentode_estoque.rb": [
        1,
        1,
        1,
        1,
        null,
        1,
        1,
        null,
        null
      ],
      "/home/felipeecker/gestaodeestoque/app/models/operacao.rb": [
        1,
        1,
        null,
        1,
        null
      ],
      "/home/felipeecker/gestaodeestoque/app/models/pessoa.rb": [
        1,
        1,
        null,
        1,
        1,
        null
      ],
      "/home/felipeecker/gestaodeestoque/app/models/produto.rb": [
        1,
        1,
        1,
        null,
        1,
        null
      ],
      "/home/felipeecker/gestaodeestoque/app/models/unidade.rb": [
        1,
        null,
        1,
        null
      ],
      "/home/felipeecker/gestaodeestoque/app/channels/application_cable/channel.rb": [
        0,
        0,
        0,
        0
      ],
      "/home/felipeecker/gestaodeestoque/app/channels/application_cable/connection.rb": [
        0,
        0,
        0,
        0
      ],
      "/home/felipeecker/gestaodeestoque/app/services/saldo_estoque_service.rb": [
        0,
        null,
        0,
        0,
        0,
        0,
        null,
        0,
        0,
        null,
        0,
        0,
        0,
        0,
        null,
        0,
        null,
        0,
        0,
        0,
        null,
        0
      ],
      "/home/felipeecker/gestaodeestoque/app/mailers/application_mailer.rb": [
        0,
        0,
        0,
        0
      ],
      "/home/felipeecker/gestaodeestoque/app/controllers/cidades_controller.rb": [
        0,
        0,
        null,
        null,
        null,
        0,
        0,
        0,
        null,
        null,
        null,
        0,
        0,
        null,
        null,
        0,
        0,
        0,
        null,
        null,
        0,
        0,
        null,
        null,
        null,
        0,
        0,
        null,
        0,
        0,
        0,
        0,
        0,
        0,
        0,
        0,
        0,
        0,
        null,
        null,
        null,
        0,
        0,
        0,
        0,
        0,
        0,
        0,
        0,
        0,
        0,
        0,
        null,
        null,
        null,
        0,
        0,
        0,
        0,
        0,
        0,
        0,
        null,
        0,
        null,
        0,
        0,
        0,
        null,
        null,
        0,
        0,
        0,
        0
      ],
      "/home/felipeecker/gestaodeestoque/app/controllers/pessoas_controller.rb": [
        0,
        0,
        null,
        null,
        null,
        0,
        0,
        0,
        null,
        null,
        null,
        0,
        0,
        null,
        null,
        0,
        0,
        0,
        null,
        null,
        0,
        0,
        null,
        null,
        null,
        0,
        0,
        null,
        0,
        0,
        0,
        0,
        0,
        0,
        0,
        0,
        0,
        0,
        null,
        null,
        null,
        0,
        0,
        0,
        0,
        0,
        0,
        0,
        0,
        0,
        0,
        0,
        null,
        null,
        null,
        0,
        0,
        0,
        0,
        0,
        0,
        0,
        null,
        0,
        null,
        0,
        0,
        0,
        null,
        null,
        0,
        0,
        0,
        0
      ],
      "/home/felipeecker/gestaodeestoque/app/controllers/unidades_controller.rb": [
        0,
        0,
        null,
        null,
        null,
        0,
        0,
        0,
        null,
        null,
        null,
        0,
        0,
        null,
        null,
        0,
        0,
        0,
        null,
        null,
        0,
        0,
        null,
        null,
        null,
        0,
        0,
        null,
        0,
        0,
        0,
        0,
        0,
        0,
        0,
        0,
        0,
        0,
        null,
        null,
        null,
        0,
        0,
        0,
        0,
        0,
        0,
        0,
        0,
        0,
        0,
        0,
        null,
        null,
        null,
        0,
        0,
        0,
        0,
        0,
        0,
        0,
        null,
        0,
        null,
        0,
        0,
        0,
        null,
        null,
        0,
        0,
        0,
        0
      ],
      "/home/felipeecker/gestaodeestoque/app/controllers/operacaos_controller.rb": [
        0,
        0,
        null,
        null,
        null,
        0,
        0,
        0,
        null,
        null,
        null,
        0,
        0,
        null,
        null,
        0,
        0,
        0,
        null,
        null,
        0,
        0,
        null,
        null,
        null,
        0,
        0,
        null,
        0,
        0,
        0,
        0,
        0,
        0,
        0,
        0,
        0,
        0,
        null,
        null,
        null,
        0,
        0,
        0,
        0,
        0,
        0,
        0,
        0,
        0,
        0,
        0,
        null,
        null,
        null,
        0,
        0,
        0,
        0,
        0,
        0,
        0,
        null,
        0,
        null,
        0,
        0,
        0,
        null,
        null,
        0,
        0,
        0,
        0
      ],
      "/home/felipeecker/gestaodeestoque/app/controllers/estados_controller.rb": [
        0,
        0,
        null,
        null,
        null,
        0,
        0,
        0,
        null,
        null,
        null,
        0,
        0,
        null,
        null,
        0,
        0,
        0,
        null,
        null,
        0,
        0,
        null,
        null,
        null,
        0,
        0,
        null,
        0,
        0,
        0,
        0,
        0,
        0,
        0,
        0,
        0,
        0,
        null,
        null,
        null,
        0,
        0,
        0,
        0,
        0,
        0,
        0,
        0,
        0,
        0,
        0,
        null,
        null,
        null,
        0,
        0,
        0,
        0,
        0,
        0,
        0,
        null,
        0,
        null,
        0,
        0,
        0,
        null,
        null,
        0,
        0,
        0,
        0
      ],
      "/home/felipeecker/gestaodeestoque/app/controllers/movimentode_estoques_controller.rb": [
        0,
        0,
        null,
        null,
        null,
        0,
        0,
        0,
        null,
        null,
        null,
        0,
        0,
        null,
        null,
        0,
        0,
        0,
        null,
        null,
        0,
        0,
        null,
        null,
        null,
        0,
        0,
        null,
        0,
        0,
        0,
        0,
        0,
        0,
        0,
        0,
        0,
        0,
        null,
        null,
        null,
        0,
        0,
        0,
        0,
        0,
        0,
        0,
        0,
        0,
        0,
        0,
        null,
        null,
        null,
        0,
        0,
        0,
        0,
        0,
        0,
        0,
        null,
        0,
        null,
        0,
        0,
        0,
        null,
        null,
        0,
        0,
        0,
        0
      ],
      "/home/felipeecker/gestaodeestoque/app/controllers/application_controller.rb": [
        0,
        0
      ],
      "/home/felipeecker/gestaodeestoque/app/controllers/grupode_produtos_controller.rb": [
        0,
        0,
        null,
        null,
        null,
        0,
        0,
        0,
        null,
        null,
        null,
        0,
        0,
        null,
        null,
        0,
        0,
        0,
        null,
        null,
        0,
        0,
        null,
        null,
        null,
        0,
        0,
        null,
        0,
        0,
        0,
        0,
        0,
        0,
        0,
        0,
        0,
        0,
        null,
        null,
        null,
        0,
        0,
        0,
        0,
        0,
        0,
        0,
        0,
        0,
        0,
        0,
        null,
        null,
        null,
        0,
        0,
        0,
        0,
        0,
        0,
        0,
        null,
        0,
        null,
        0,
        0,
        0,
        null,
        null,
        0,
        0,
        0,
        0
      ],
      "/home/felipeecker/gestaodeestoque/app/controllers/produtos_controller.rb": [
        0,
        0,
        null,
        null,
        null,
        0,
        0,
        0,
        null,
        null,
        null,
        0,
        0,
        null,
        null,
        0,
        0,
        0,
        null,
        null,
        0,
        0,
        null,
        null,
        null,
        0,
        0,
        null,
        0,
        0,
        0,
        0,
        0,
        0,
        0,
        0,
        0,
        0,
        null,
        null,
        null,
        0,
        0,
        0,
        0,
        0,
        0,
        0,
        0,
        0,
        0,
        0,
        null,
        null,
        null,
        0,
        0,
        0,
        0,
        0,
        0,
        0,
        null,
        0,
        null,
        0,
        0,
        0,
        null,
        null,
        0,
        0,
        0,
        0
      ],
      "/home/felipeecker/gestaodeestoque/app/controllers/enderecos_controller.rb": [
        0,
        0,
        null,
        null,
        null,
        0,
        0,
        0,
        null,
        null,
        null,
        0,
        0,
        null,
        null,
        0,
        0,
        0,
        null,
        null,
        0,
        0,
        null,
        null,
        null,
        0,
        0,
        null,
        0,
        0,
        0,
        0,
        0,
        0,
        0,
        0,
        0,
        0,
        null,
        null,
        null,
        0,
        0,
        0,
        0,
        0,
        0,
        0,
        0,
        0,
        0,
        0,
        null,
        null,
        null,
        0,
        0,
        0,
        0,
        0,
        0,
        0,
        null,
        0,
        null,
        0,
        0,
        0,
        null,
        null,
        0,
        0,
        0,
        0
      ],
      "/home/felipeecker/gestaodeestoque/app/jobs/application_job.rb": [
        0,
        0
      ]
    },
    "timestamp": 1574722429
  }
}
